#
# A fatal error has been detected by the Java Runtime Environment:
#
#  SIGSEGV (0xb) at pc=0x00007f151d0698ba, pid=8983, tid=0x00007f1518117700
#
# JRE version: Java(TM) SE Runtime Environment (8.0_161-b12) (build 1.8.0_161-b12)
# Java VM: Java HotSpot(TM) 64-Bit Server VM (25.161-b12 mixed mode linux-amd64 compressed oops)
# Problematic frame:
# v  ~BufferBlob::jni_fast_GetLongField
#
# Failed to write core dump. Core dumps have been disabled. To enable core dumping, try "ulimit -c unlimited" before starting Java again
#
# If you would like to submit a bug report, please visit:
#   http://bugreport.java.com/bugreport/crash.jsp
# The crash happened outside the Java Virtual Machine in native code.
# See problematic frame for where to report the bug.
#

---------------  T H R E A D  ---------------

Current thread (0x00007f152c46e800):  JavaThread "AWT-XAWT" daemon [_thread_in_native, id=9004, stack(0x00007f1518017000,0x00007f1518118000)]

siginfo: si_signo: 11 (SIGSEGV), si_code: 1 (SEGV_MAPERR), si_addr: 0x0000000000000000

Registers:
RAX=0x00007f15347d6b80, RBX=0x00007f152c46e9f8, RCX=0x00007f153523f2c0, RDX=0x0000000000000042
RSP=0x00007f1518116688, RBP=0x00007f15181166b0, RSI=0x0000000000000000, RDI=0x00007f152c46e9f8
R8 =0x00000000ece18b20, R9 =0x0000000000000000, R10=0x000000000000005c, R11=0x00000000000001f4
R12=0x00007f14d001f3e0, R13=0x0000000000000000, R14=0x00007f1519ce3820, R15=0x00007f152c46e800
RIP=0x00007f151d0698ba, EFLAGS=0x0000000000010246, CSGSFS=0x002b000000000033, ERR=0x0000000000000004
  TRAPNO=0x000000000000000e

Top of Stack: (sp=0x00007f1518116688)
